Determining if the pthread_create exist failed with the following output:
Change Dir: /home/ispeak-zhy/Downloads/dlib-19.4/examples/build/CMakeFiles/CMakeTmp

Run Build Command:"/usr/bin/make" "cmTC_5af76/fast"
/usr/bin/make -f CMakeFiles/cmTC_5af76.dir/build.make CMakeFiles/cmTC_5af76.dir/build
make[1]: Entering directory '/home/ispeak-zhy/Downloads/dlib-19.4/examples/build/CMakeFiles/CMakeTmp'
Building C object CMakeFiles/cmTC_5af76.dir/CheckSymbolExists.c.o
/usr/bin/cc     -o CMakeFiles/cmTC_5af76.dir/CheckSymbolExists.c.o   -c /home/ispeak-zhy/Downloads/dlib-19.4/examples/build/CMakeFiles/CMakeTmp/CheckSymbolExists.c
Linking C executable cmTC_5af76
/usr/bin/cmake -E cmake_link_script CMakeFiles/cmTC_5af76.dir/link.txt --verbose=1
/usr/bin/cc       CMakeFiles/cmTC_5af76.dir/CheckSymbolExists.c.o  -o cmTC_5af76 -rdynamic 
CMakeFiles/cmTC_5af76.dir/CheckSymbolExists.c.o: In function `main':
CheckSymbolExists.c:(.text+0x16): undefined reference to `pthread_create'
collect2: error: ld returned 1 exit status
CMakeFiles/cmTC_5af76.dir/build.make:97: recipe for target 'cmTC_5af76' failed
make[1]: *** [cmTC_5af76] Error 1
make[1]: Leaving directory '/home/ispeak-zhy/Downloads/dlib-19.4/examples/build/CMakeFiles/CMakeTmp'
Makefile:126: recipe for target 'cmTC_5af76/fast' failed
make: *** [cmTC_5af76/fast] Error 2

File /home/ispeak-zhy/Downloads/dlib-19.4/examples/build/CMakeFiles/CMakeTmp/CheckSymbolExists.c:
/* */
#include <pthread.h>

int main(int argc, char** argv)
{
  (void)argv;
#ifndef pthread_create
  return ((int*)(&pthread_create))[argc];
#else
  (void)argc;
  return 0;
#endif
}

Determining if the function pthread_create exists in the pthreads failed with the following output:
Change Dir: /home/ispeak-zhy/Downloads/dlib-19.4/examples/build/CMakeFiles/CMakeTmp

Run Build Command:"/usr/bin/make" "cmTC_8255e/fast"
/usr/bin/make -f CMakeFiles/cmTC_8255e.dir/build.make CMakeFiles/cmTC_8255e.dir/build
make[1]: Entering directory '/home/ispeak-zhy/Downloads/dlib-19.4/examples/build/CMakeFiles/CMakeTmp'
Building C object CMakeFiles/cmTC_8255e.dir/CheckFunctionExists.c.o
/usr/bin/cc    -DCHECK_FUNCTION_EXISTS=pthread_create   -o CMakeFiles/cmTC_8255e.dir/CheckFunctionExists.c.o   -c /usr/share/cmake-3.5/Modules/CheckFunctionExists.c
Linking C executable cmTC_8255e
/usr/bin/cmake -E cmake_link_script CMakeFiles/cmTC_8255e.dir/link.txt --verbose=1
/usr/bin/cc   -DCHECK_FUNCTION_EXISTS=pthread_create    CMakeFiles/cmTC_8255e.dir/CheckFunctionExists.c.o  -o cmTC_8255e -rdynamic -lpthreads 
/usr/bin/ld: cannot find -lpthreads
collect2: error: ld returned 1 exit status
CMakeFiles/cmTC_8255e.dir/build.make:97: recipe for target 'cmTC_8255e' failed
make[1]: *** [cmTC_8255e] Error 1
make[1]: Leaving directory '/home/ispeak-zhy/Downloads/dlib-19.4/examples/build/CMakeFiles/CMakeTmp'
Makefile:126: recipe for target 'cmTC_8255e/fast' failed
make: *** [cmTC_8255e/fast] Error 2


